RESET
CPU laptop 1744727328 2025/04/15 17:28:48 76082 100 12 724136 1661576 2586 43481183 38645 0 17984 0 0 16639 100 0 0
SEP
CPU laptop 1744727329 2025/04/15 17:28:49 1 100 12 20 21 0 1152 0 0 0 0 0 17675 100 0 0
SEP
CPU laptop 1744727330 2025/04/15 17:28:50 1 100 12 28 28 0 1132 0 0 2 0 0 16772 100 0 0
SEP
CPU laptop 1744727331 2025/04/15 17:28:51 1 100 12 18 8 0 1167 4 0 1 0 0 16774 100 0 0
SEP
CPU laptop 1744727332 2025/04/15 17:28:52 1 100 12 12 5 0 1177 2 0 0 0 0 16791 100 0 0
SEP
CPU laptop 1744727333 2025/04/15 17:28:53 1 100 12 13 5 0 1178 0 0 0 0 0 16797 100 0 0
SEP
CPU laptop 1744727334 2025/04/15 17:28:54 1 100 12 13 6 0 1180 0 0 0 0 0 16794 100 0 0
SEP
CPU laptop 1744727335 2025/04/15 17:28:55 1 100 12 13 4 0 1176 3 0 0 0 0 16788 100 0 0
SEP
CPU laptop 1744727336 2025/04/15 17:28:56 1 100 12 14 5 0 1178 2 0 0 0 0 16794 100 0 0
SEP
CPU laptop 1744727337 2025/04/15 17:28:57 1 100 12 12 4 0 1181 0 0 0 0 0 16791 100 0 0
SEP
CPU laptop 1744727338 2025/04/15 17:28:58 1 100 12 13 7 0 1175 1 0 0 0 0 16780 100 0 0
SEP
CPU laptop 1744727339 2025/04/15 17:28:59 1 100 12 110 222 1 830 21 0 0 0 0 19524 100 0 0
SEP
CPU laptop 1744727340 2025/04/15 17:29:00 1 100 12 96 81 1 978 22 0 2 0 0 20722 100 0 0
SEP
CPU laptop 1744727341 2025/04/15 17:29:01 1 100 12 69 216 1 899 5 0 0 0 0 17731 100 0 0
SEP
CPU laptop 1744727342 2025/04/15 17:29:02 1 100 12 93 224 0 850 13 0 1 0 0 19435 100 0 0
SEP
CPU laptop 1744727343 2025/04/15 17:29:03 1 100 12 100 106 1 956 16 0 2 0 0 23180 100 0 0
SEP
CPU laptop 1744727344 2025/04/15 17:29:04 1 100 12 92 196 1 873 15 0 1 0 0 21859 100 0 0
SEP
CPU laptop 1744727345 2025/04/15 17:29:05 1 100 12 71 214 0 895 6 0 1 0 0 18752 100 0 0
SEP
CPU laptop 1744727346 2025/04/15 17:29:06 1 100 12 91 221 1 855 14 0 2 0 0 18466 100 0 0
SEP
CPU laptop 1744727347 2025/04/15 17:29:07 1 100 12 97 92 1 967 20 0 1 0 0 19504 100 0 0
SEP
CPU laptop 1744727348 2025/04/15 17:29:08 1 100 12 107 211 1 837 15 0 1 0 0 26090 100 0 0
SEP
CPU laptop 1744727349 2025/04/15 17:29:09 1 100 12 69 217 0 890 4 0 1 0 0 16802 100 0 0
SEP
CPU laptop 1744727350 2025/04/15 17:29:10 1 100 12 100 226 1 835 13 0 2 0 0 19917 100 0 0
SEP
CPU laptop 1744727351 2025/04/15 17:29:11 1 100 12 98 95 1 955 17 0 2 0 0 18409 100 0 0
SEP
CPU laptop 1744727352 2025/04/15 17:29:12 1 100 12 97 226 1 833 17 0 1 0 0 19902 100 0 0
SEP
CPU laptop 1744727353 2025/04/15 17:29:13 1 100 12 69 225 0 871 6 0 1 0 0 16767 100 0 0
SEP
CPU laptop 1744727354 2025/04/15 17:29:14 1 100 12 99 238 1 822 16 0 2 0 0 17809 100 0 0
SEP
CPU laptop 1744727355 2025/04/15 17:29:15 1 100 12 94 96 0 963 17 0 0 0 0 18781 100 0 0
SEP
CPU laptop 1744727356 2025/04/15 17:29:16 1 100 12 87 221 1 855 17 0 1 0 0 20990 100 0 0
SEP
CPU laptop 1744727357 2025/04/15 17:29:17 1 100 12 65 209 0 905 4 0 1 0 0 16735 100 0 0
SEP
CPU laptop 1744727358 2025/04/15 17:29:18 1 100 12 102 226 1 839 15 0 0 0 0 18485 100 0 0
SEP
CPU laptop 1744727359 2025/04/15 17:29:19 1 100 12 91 97 2 971 16 0 1 0 0 18818 100 0 0
SEP
CPU laptop 1744727360 2025/04/15 17:29:20 1 100 12 90 216 1 859 16 0 0 0 0 18754 100 0 0
SEP
CPU laptop 1744727361 2025/04/15 17:29:21 1 100 12 66 214 0 905 5 0 1 0 0 16761 100 0 0
SEP
CPU laptop 1744727362 2025/04/15 17:29:22 1 100 12 94 224 1 851 14 0 1 0 0 19001 100 0 0
SEP
CPU laptop 1744727363 2025/04/15 17:29:23 1 100 12 95 96 1 970 17 0 1 0 0 18099 100 0 0
SEP
CPU laptop 1744727364 2025/04/15 17:29:24 1 100 12 84 217 1 861 16 0 1 0 0 19693 100 0 0
SEP
CPU laptop 1744727365 2025/04/15 17:29:25 1 100 12 62 214 0 905 5 0 1 0 0 18791 100 0 0
SEP
CPU laptop 1744727366 2025/04/15 17:29:26 1 100 12 90 224 1 854 15 0 2 0 0 18783 100 0 0
SEP
CPU laptop 1744727367 2025/04/15 17:29:27 1 100 12 93 87 1 971 27 0 1 0 0 18504 100 0 0
SEP
CPU laptop 1744727368 2025/04/15 17:29:28 1 100 12 78 218 1 874 16 0 0 0 0 27009 100 0 0
SEP
CPU laptop 1744727369 2025/04/15 17:29:29 1 100 12 74 218 0 887 8 0 1 0 0 19413 100 0 0
SEP
CPU laptop 1744727370 2025/04/15 17:29:30 1 100 12 100 225 0 836 16 0 1 0 0 22830 100 0 0
SEP
CPU laptop 1744727371 2025/04/15 17:29:31 1 100 12 95 89 2 975 16 0 1 0 0 17766 100 0 0
SEP
CPU laptop 1744727372 2025/04/15 17:29:32 1 100 12 93 226 0 853 13 0 0 0 0 20820 100 0 0
SEP
CPU laptop 1744727373 2025/04/15 17:29:33 1 100 12 71 207 1 903 6 0 1 0 0 17771 100 0 0
SEP
CPU laptop 1744727374 2025/04/15 17:29:34 1 100 12 95 229 1 839 16 0 0 0 0 21614 100 0 0
SEP
CPU laptop 1744727375 2025/04/15 17:29:35 1 100 12 92 89 1 975 16 0 2 0 0 18500 100 0 0
SEP
CPU laptop 1744727376 2025/04/15 17:29:36 1 100 12 91 231 1 853 13 0 1 0 0 29037 100 0 0
SEP
CPU laptop 1744727377 2025/04/15 17:29:37 1 100 12 62 200 0 918 5 0 1 0 0 17009 100 0 0
SEP
CPU laptop 1744727378 2025/04/15 17:29:38 1 100 12 114 223 1 823 16 0 1 0 0 23834 100 0 0
SEP
CPU laptop 1744727379 2025/04/15 17:29:39 1 100 12 95 100 1 966 18 0 1 0 0 20213 100 0 0
SEP
CPU laptop 1744727380 2025/04/15 17:29:40 1 100 12 79 215 1 879 13 0 0 0 0 21145 100 0 0
SEP
CPU laptop 1744727381 2025/04/15 17:29:41 1 100 12 87 219 0 876 8 0 1 0 0 17800 100 0 0
SEP
CPU laptop 1744727382 2025/04/15 17:29:42 1 100 12 95 197 1 866 17 0 3 0 0 29040 100 0 0
SEP
CPU laptop 1744727383 2025/04/15 17:29:43 1 100 12 132 171 1 829 43 0 1 0 0 22901 100 0 0
SEP
CPU laptop 1744727384 2025/04/15 17:29:44 1 100 12 106 299 0 772 7 0 2 0 0 21552 100 0 0
SEP
CPU laptop 1744727385 2025/04/15 17:29:45 1 100 12 112 331 1 729 11 0 1 0 0 20538 100 0 0
SEP
CPU laptop 1744727386 2025/04/15 17:29:46 1 100 12 120 152 1 886 18 0 2 0 0 18822 100 0 0
SEP
CPU laptop 1744727387 2025/04/15 17:29:47 1 100 12 132 276 1 755 21 0 1 0 0 22848 100 0 0
SEP
CPU laptop 1744727388 2025/04/15 17:29:48 1 100 12 99 239 0 816 29 0 0 0 0 16536 100 0 0
SEP
CPU laptop 1744727389 2025/04/15 17:29:49 1 100 12 82 227 1 854 17 0 1 0 0 23506 100 0 0
SEP
CPU laptop 1744727390 2025/04/15 17:29:50 1 100 12 75 222 0 871 14 0 2 0 0 16741 100 0 0
SEP
CPU laptop 1744727391 2025/04/15 17:29:51 1 100 12 87 219 2 863 13 0 1 0 0 18764 100 0 0
SEP
CPU laptop 1744727392 2025/04/15 17:29:52 1 100 12 97 176 0 883 18 0 1 0 0 29038 100 0 0
SEP
CPU laptop 1744727393 2025/04/15 17:29:53 1 100 12 99 140 1 924 16 0 1 0 0 18080 100 0 0
SEP
CPU laptop 1744727394 2025/04/15 17:29:54 1 100 12 64 210 0 902 7 0 1 0 0 18725 100 0 0
SEP
CPU laptop 1744727395 2025/04/15 17:29:55 1 100 12 87 222 1 865 12 0 0 0 0 19489 100 0 0
SEP
CPU laptop 1744727396 2025/04/15 17:29:56 1 100 12 96 193 1 872 18 0 2 0 0 29038 100 0 0
SEP
CPU laptop 1744727397 2025/04/15 17:29:57 1 100 12 95 127 1 942 16 0 0 0 0 16851 100 0 0
SEP
CPU laptop 1744727398 2025/04/15 17:29:58 1 100 12 67 210 0 899 10 0 1 0 0 21474 100 0 0
SEP
CPU laptop 1744727399 2025/04/15 17:29:59 1 100 12 87 225 1 864 10 0 1 0 0 18073 100 0 0
SEP
CPU laptop 1744727400 2025/04/15 17:30:00 1 100 12 96 220 1 847 17 0 1 0 0 29040 100 0 0
SEP
CPU laptop 1744727401 2025/04/15 17:30:01 1 100 12 100 93 1 965 16 0 0 0 0 21020 100 0 0
SEP
CPU laptop 1744727402 2025/04/15 17:30:02 1 100 12 68 206 1 900 15 0 1 0 0 19750 100 0 0
SEP
CPU laptop 1744727403 2025/04/15 17:30:03 1 100 12 84 223 0 872 8 0 0 0 0 19202 100 0 0
SEP
CPU laptop 1744727404 2025/04/15 17:30:04 1 100 12 98 268 2 798 16 0 3 0 0 28966 100 0 0
SEP
CPU laptop 1744727405 2025/04/15 17:30:05 1 100 12 101 92 0 965 16 0 1 0 0 18512 100 0 0
SEP
CPU laptop 1744727406 2025/04/15 17:30:06 1 100 12 79 219 1 872 13 0 0 0 0 25071 100 0 0
SEP
CPU laptop 1744727407 2025/04/15 17:30:07 1 100 12 70 214 0 897 6 0 1 0 0 24607 100 0 0
SEP
CPU laptop 1744727408 2025/04/15 17:30:08 1 100 12 100 224 1 836 16 0 1 0 0 21627 100 0 0
SEP
CPU laptop 1744727409 2025/04/15 17:30:09 1 100 12 96 93 2 968 17 0 1 0 0 18494 100 0 0
SEP
CPU laptop 1744727410 2025/04/15 17:30:10 1 100 12 81 214 1 878 12 0 0 0 0 23144 100 0 0
SEP
CPU laptop 1744727411 2025/04/15 17:30:11 1 100 12 73 218 0 889 9 0 1 0 0 23685 100 0 0
SEP
CPU laptop 1744727412 2025/04/15 17:30:12 1 100 12 106 238 1 821 16 0 1 0 0 25828 100 0 0
SEP
CPU laptop 1744727413 2025/04/15 17:30:13 1 100 12 107 98 1 955 19 0 1 0 0 19554 100 0 0
SEP
CPU laptop 1744727414 2025/04/15 17:30:14 1 100 12 91 223 0 859 12 0 1 0 0 20826 100 0 0
SEP
CPU laptop 1744727415 2025/04/15 17:30:15 1 100 12 79 223 0 882 4 0 1 0 0 25159 100 0 0
SEP
CPU laptop 1744727416 2025/04/15 17:30:16 1 100 12 96 213 1 843 27 0 1 0 0 29040 100 0 0
SEP
CPU laptop 1744727417 2025/04/15 17:30:17 1 100 12 98 100 1 961 15 0 2 0 0 20084 100 0 0
SEP
CPU laptop 1744727418 2025/04/15 17:30:18 1 100 12 68 213 1 893 12 0 1 0 0 18757 100 0 0
SEP
CPU laptop 1744727419 2025/04/15 17:30:19 1 100 12 77 225 0 878 5 0 1 0 0 24281 100 0 0
SEP
CPU laptop 1744727420 2025/04/15 17:30:20 1 100 12 103 220 1 838 18 0 2 0 0 23035 100 0 0
SEP
CPU laptop 1744727421 2025/04/15 17:30:21 1 100 12 100 92 1 962 21 0 1 0 0 19485 100 0 0
SEP
CPU laptop 1744727422 2025/04/15 17:30:22 1 100 12 74 217 1 881 12 0 1 0 0 18756 100 0 0
SEP
CPU laptop 1744727423 2025/04/15 17:30:23 1 100 12 80 246 0 851 6 0 1 0 0 22321 100 0 0
SEP
CPU laptop 1744727424 2025/04/15 17:30:24 1 100 12 94 229 1 837 16 0 2 0 0 22179 100 0 0
SEP
CPU laptop 1744727425 2025/04/15 17:30:25 1 100 12 109 165 1 888 14 0 2 0 0 17817 100 0 0
SEP
CPU laptop 1744727426 2025/04/15 17:30:26 1 100 12 96 224 1 853 14 0 1 0 0 19179 100 0 0
SEP
CPU laptop 1744727427 2025/04/15 17:30:27 1 100 12 64 230 0 887 4 0 1 0 0 17701 100 0 0
SEP
CPU laptop 1744727428 2025/04/15 17:30:28 1 100 12 97 230 1 837 16 0 1 0 0 18498 100 0 0
SEP
CPU laptop 1744727429 2025/04/15 17:30:29 1 100 12 96 92 1 972 20 0 1 0 0 18053 100 0 0
SEP
CPU laptop 1744727430 2025/04/15 17:30:30 1 100 12 90 224 0 856 16 0 0 0 0 18877 100 0 0
SEP
CPU laptop 1744727431 2025/04/15 17:30:31 1 100 12 65 205 0 915 2 0 1 0 0 16750 100 0 0
SEP
CPU laptop 1744727432 2025/04/15 17:30:32 1 100 12 99 224 1 843 15 0 1 0 0 17781 100 0 0
SEP
CPU laptop 1744727433 2025/04/15 17:30:33 1 100 12 95 89 1 972 19 0 0 0 0 17803 100 0 0
SEP
CPU laptop 1744727434 2025/04/15 17:30:34 1 100 12 95 215 1 857 16 0 1 0 0 25760 100 0 0
SEP
CPU laptop 1744727435 2025/04/15 17:30:35 1 100 12 66 214 1 897 5 0 0 0 0 19332 100 0 0
SEP
CPU laptop 1744727436 2025/04/15 17:30:36 1 100 12 90 224 0 857 13 0 1 0 0 16612 100 0 0
SEP
CPU laptop 1744727437 2025/04/15 17:30:37 1 100 12 98 133 1 930 15 0 1 0 0 29040 100 0 0
SEP
CPU laptop 1744727438 2025/04/15 17:30:38 1 100 12 94 178 1 891 14 0 1 0 0 19397 100 0 0
SEP
CPU laptop 1744727439 2025/04/15 17:30:39 1 100 12 69 221 1 887 9 0 2 0 0 21266 100 0 0
SEP
CPU laptop 1744727440 2025/04/15 17:30:40 1 100 12 84 224 0 867 9 0 0 0 0 19122 100 0 0
SEP
CPU laptop 1744727441 2025/04/15 17:30:41 1 100 12 96 229 1 836 16 0 1 0 0 29039 100 0 0
SEP
CPU laptop 1744727442 2025/04/15 17:30:42 1 100 12 99 90 1 971 17 0 2 0 0 16766 100 0 0
SEP
CPU laptop 1744727443 2025/04/15 17:30:43 1 100 12 90 209 0 876 10 0 3 0 0 16809 100 0 0
SEP
CPU laptop 1744727444 2025/04/15 17:30:44 1 100 12 85 223 0 865 11 0 1 0 0 20049 100 0 0
SEP
CPU laptop 1744727445 2025/04/15 17:30:45 1 100 12 95 199 1 866 17 0 2 0 0 29040 100 0 0
SEP
CPU laptop 1744727446 2025/04/15 17:30:46 1 100 12 100 121 1 940 16 0 1 0 0 17289 100 0 0
SEP
CPU laptop 1744727447 2025/04/15 17:30:47 1 100 12 69 212 1 892 10 0 2 0 0 21276 100 0 0
SEP
CPU laptop 1744727448 2025/04/15 17:30:48 1 100 12 85 223 0 868 8 0 1 0 0 17755 100 0 0
SEP
CPU laptop 1744727449 2025/04/15 17:30:49 1 100 12 100 228 1 834 17 0 1 0 0 25909 100 0 0
SEP
CPU laptop 1744727450 2025/04/15 17:30:50 1 100 12 96 88 1 975 17 0 1 0 0 26687 100 0 0
SEP
CPU laptop 1744727451 2025/04/15 17:30:51 1 100 12 70 213 1 890 12 0 0 0 0 18755 100 0 0
SEP
CPU laptop 1744727452 2025/04/15 17:30:52 1 100 12 81 224 0 875 7 0 2 0 0 29035 100 0 0
SEP
CPU laptop 1744727453 2025/04/15 17:30:53 1 100 12 101 230 2 832 18 0 1 0 0 22291 100 0 0
SEP
CPU laptop 1744727454 2025/04/15 17:30:54 1 100 12 93 84 1 971 29 0 2 0 0 17186 100 0 0
SEP
CPU laptop 1744727455 2025/04/15 17:30:55 1 100 12 69 212 0 896 9 0 1 0 0 17614 100 0 0
SEP
CPU laptop 1744727456 2025/04/15 17:30:56 1 100 12 87 227 1 860 9 0 1 0 0 18799 100 0 0
SEP
CPU laptop 1744727457 2025/04/15 17:30:57 1 100 12 103 202 1 856 17 0 1 0 0 29040 100 0 0
SEP
CPU laptop 1744727458 2025/04/15 17:30:58 1 100 12 95 113 1 948 16 0 1 0 0 18751 100 0 0
SEP
CPU laptop 1744727459 2025/04/15 17:30:59 1 100 12 70 215 1 889 11 0 1 0 0 17732 100 0 0
SEP
CPU laptop 1744727460 2025/04/15 17:31:00 1 100 12 84 234 0 859 7 0 1 0 0 18506 100 0 0
SEP
CPU laptop 1744727461 2025/04/15 17:31:01 1 100 12 99 234 1 831 16 0 1 0 0 23332 100 0 0
SEP
CPU laptop 1744727462 2025/04/15 17:31:02 1 100 12 93 93 1 973 15 0 1 0 0 19349 100 0 0
SEP
CPU laptop 1744727463 2025/04/15 17:31:03 1 100 12 84 218 1 869 12 0 2 0 0 25414 100 0 0
SEP
CPU laptop 1744727464 2025/04/15 17:31:04 1 100 12 72 217 0 893 4 0 1 0 0 21242 100 0 0
SEP
CPU laptop 1744727465 2025/04/15 17:31:05 1 100 12 96 226 1 837 18 0 1 0 0 23713 100 0 0
SEP
CPU laptop 1744727466 2025/04/15 17:31:06 1 100 12 97 85 1 977 16 0 2 0 0 20478 100 0 0
SEP
CPU laptop 1744727467 2025/04/15 17:31:07 1 100 12 79 220 1 873 14 0 1 0 0 23916 100 0 0
SEP
CPU laptop 1744727468 2025/04/15 17:31:08 1 100 12 73 214 0 891 7 0 1 0 0 21737 100 0 0
SEP
CPU laptop 1744727469 2025/04/15 17:31:09 1 100 12 100 225 1 832 16 0 1 0 0 24037 100 0 0
SEP
CPU laptop 1744727470 2025/04/15 17:31:10 1 100 12 120 94 1 946 16 0 2 0 0 17746 100 0 0
SEP
CPU laptop 1744727471 2025/04/15 17:31:11 1 100 12 68 215 0 899 8 0 1 0 0 16772 100 0 0
SEP
CPU laptop 1744727472 2025/04/15 17:31:12 1 100 12 13 6 0 1178 0 0 0 0 0 16793 100 0 0
SEP
CPU laptop 1744727473 2025/04/15 17:31:13 1 100 12 20 10 0 1163 3 0 0 0 0 16788 100 0 0
SEP
CPU laptop 1744727474 2025/04/15 17:31:14 1 100 12 13 5 0 1180 0 0 0 0 0 16778 100 0 0
SEP
CPU laptop 1744727475 2025/04/15 17:31:15 1 100 12 26 8 0 1160 0 0 0 0 0 16794 100 0 0
SEP
CPU laptop 1744727476 2025/04/15 17:31:16 1 100 12 13 6 0 1179 0 0 0 0 0 16797 100 0 0
SEP
CPU laptop 1744727477 2025/04/15 17:31:17 1 100 12 12 5 0 1178 0 0 0 0 0 16794 100 0 0
SEP
CPU laptop 1744727478 2025/04/15 17:31:18 1 100 12 19 16 0 1161 1 0 0 0 0 16794 100 0 0
SEP
CPU laptop 1744727479 2025/04/15 17:31:19 1 100 12 18 24 0 1156 0 0 0 0 0 16797 100 0 0
SEP
CPU laptop 1744727480 2025/04/15 17:31:20 1 100 12 15 10 0 1171 0 0 0 0 0 16786 100 0 0
SEP
