               total        used        free      shared  buff/cache   available
Mem:           14514        6383        1298         297        6833        7496
Swap:           2147           0        2147
Total:         16662        6383        3445

               total        used        free      shared  buff/cache   available
Mem:           14514        6399        1280         299        6835        7478
Swap:           2147           0        2147
Total:         16662        6399        3427

               total        used        free      shared  buff/cache   available
Mem:           14514        6399        1279         299        6835        7477
Swap:           2147           0        2147
Total:         16662        6399        3426

               total        used        free      shared  buff/cache   available
Mem:           14514        6399        1281         297        6833        7479
Swap:           2147           0        2147
Total:         16662        6399        3428

               total        used        free      shared  buff/cache   available
Mem:           14514        6396        1285         297        6833        7483
Swap:           2147           0        2147
Total:         16662        6396        3432

               total        used        free      shared  buff/cache   available
Mem:           14514        6387        1294         297        6833        7492
Swap:           2147           0        2147
Total:         16662        6387        3441

               total        used        free      shared  buff/cache   available
Mem:           14514        6385        1295         297        6833        7493
Swap:           2147           0        2147
Total:         16662        6385        3442

               total        used        free      shared  buff/cache   available
Mem:           14514        6386        1294         297        6833        7493
Swap:           2147           0        2147
Total:         16662        6386        3442

               total        used        free      shared  buff/cache   available
Mem:           14514        6386        1294         297        6833        7492
Swap:           2147           0        2147
Total:         16662        6386        3441

               total        used        free      shared  buff/cache   available
Mem:           14514        6384        1296         297        6833        7495
Swap:           2147           0        2147
Total:         16662        6384        3444

               total        used        free      shared  buff/cache   available
Mem:           14514        6384        1296         297        6833        7495
Swap:           2147           0        2147
Total:         16662        6384        3444

               total        used        free      shared  buff/cache   available
Mem:           14514        6526        1119         297        6869        7353
Swap:           2147           0        2147
Total:         16662        6526        3267

               total        used        free      shared  buff/cache   available
Mem:           14514        6568        1060         297        6885        7311
Swap:           2147           0        2147
Total:         16662        6568        3208

               total        used        free      shared  buff/cache   available
Mem:           14514        6595        1031         297        6887        7283
Swap:           2147           0        2147
Total:         16662        6595        3178

               total        used        free      shared  buff/cache   available
Mem:           14514        6594        1032         297        6888        7285
Swap:           2147           0        2147
Total:         16662        6594        3179

               total        used        free      shared  buff/cache   available
Mem:           14514        6556        1071         297        6886        7322
Swap:           2147           0        2147
Total:         16662        6556        3218

               total        used        free      shared  buff/cache   available
Mem:           14514        6553        1075         297        6886        7326
Swap:           2147           0        2147
Total:         16662        6553        3222

               total        used        free      shared  buff/cache   available
Mem:           14514        6533        1093         297        6888        7346
Swap:           2147           0        2147
Total:         16662        6533        3241

               total        used        free      shared  buff/cache   available
Mem:           14514        6582        1043         297        6888        7297
Swap:           2147           0        2147
Total:         16662        6582        3190

               total        used        free      shared  buff/cache   available
Mem:           14514        6553        1073         297        6887        7326
Swap:           2147           0        2147
Total:         16662        6553        3220

               total        used        free      shared  buff/cache   available
Mem:           14514        6555        1072         297        6887        7324
Swap:           2147           0        2147
Total:         16662        6555        3219

               total        used        free      shared  buff/cache   available
Mem:           14514        6571        1053         297        6889        7307
Swap:           2147           0        2147
Total:         16662        6571        3201

               total        used        free      shared  buff/cache   available
Mem:           14514        6617        1008         297        6888        7261
Swap:           2147           0        2147
Total:         16662        6617        3156

               total        used        free      shared  buff/cache   available
Mem:           14514        6599        1024         300        6891        7277
Swap:           2147           0        2147
Total:         16662        6599        3171

               total        used        free      shared  buff/cache   available
Mem:           14514        6610        1013         300        6890        7266
Swap:           2147           0        2147
Total:         16662        6610        3161

               total        used        free      shared  buff/cache   available
Mem:           14514        6657         964         300        6893        7219
Swap:           2147           0        2147
Total:         16662        6657        3111

               total        used        free      shared  buff/cache   available
Mem:           14514        6665         959         297        6889        7214
Swap:           2147           0        2147
Total:         16662        6665        3106

               total        used        free      shared  buff/cache   available
Mem:           14514        6622        1003         297        6889        7257
Swap:           2147           0        2147
Total:         16662        6622        3150

               total        used        free      shared  buff/cache   available
Mem:           14514        6574        1051         297        6888        7304
Swap:           2147           0        2147
Total:         16662        6574        3198

               total        used        free      shared  buff/cache   available
Mem:           14514        6596        1027         297        6890        7283
Swap:           2147           0        2147
Total:         16662        6596        3174

               total        used        free      shared  buff/cache   available
Mem:           14514        6627         997         297        6889        7252
Swap:           2147           0        2147
Total:         16662        6627        3145

               total        used        free      shared  buff/cache   available
Mem:           14514        6558        1066         297        6889        7320
Swap:           2147           0        2147
Total:         16662        6558        3213

               total        used        free      shared  buff/cache   available
Mem:           14514        6577        1047         297        6889        7302
Swap:           2147           0        2147
Total:         16662        6577        3195

               total        used        free      shared  buff/cache   available
Mem:           14514        6573        1049         297        6891        7306
Swap:           2147           0        2147
Total:         16662        6573        3197

               total        used        free      shared  buff/cache   available
Mem:           14514        6570        1052         297        6891        7308
Swap:           2147           0        2147
Total:         16662        6570        3199

               total        used        free      shared  buff/cache   available
Mem:           14514        6540        1083         297        6890        7338
Swap:           2147           0        2147
Total:         16662        6540        3231

               total        used        free      shared  buff/cache   available
Mem:           14514        6556        1068         297        6889        7323
Swap:           2147           0        2147
Total:         16662        6556        3216

               total        used        free      shared  buff/cache   available
Mem:           14514        6545        1076         297        6892        7333
Swap:           2147           0        2147
Total:         16662        6545        3224

               total        used        free      shared  buff/cache   available
Mem:           14514        6569        1052         297        6892        7309
Swap:           2147           0        2147
Total:         16662        6569        3200

               total        used        free      shared  buff/cache   available
Mem:           14514        6543        1081         297        6890        7336
Swap:           2147           0        2147
Total:         16662        6543        3228

               total        used        free      shared  buff/cache   available
Mem:           14514        6546        1077         297        6890        7332
Swap:           2147           0        2147
Total:         16662        6546        3224

               total        used        free      shared  buff/cache   available
Mem:           14514        6603        1018         297        6892        7276
Swap:           2147           0        2147
Total:         16662        6603        3165

               total        used        free      shared  buff/cache   available
Mem:           14514        6612        1010         297        6891        7267
Swap:           2147           0        2147
Total:         16662        6612        3158

               total        used        free      shared  buff/cache   available
Mem:           14514        6552        1071         297        6890        7326
Swap:           2147           0        2147
Total:         16662        6552        3218

               total        used        free      shared  buff/cache   available
Mem:           14514        6560        1063         297        6891        7319
Swap:           2147           0        2147
Total:         16662        6560        3210

               total        used        free      shared  buff/cache   available
Mem:           14514        6488        1138         291        6887        7396
Swap:           2147           0        2147
Total:         16662        6488        3285

               total        used        free      shared  buff/cache   available
Mem:           14514        6514        1113         291        6886        7370
Swap:           2147           0        2147
Total:         16662        6514        3261

               total        used        free      shared  buff/cache   available
Mem:           14514        6478        1149         291        6886        7406
Swap:           2147           0        2147
Total:         16662        6478        3297

               total        used        free      shared  buff/cache   available
Mem:           14514        6461        1166         291        6886        7423
Swap:           2147           0        2147
Total:         16662        6461        3314

               total        used        free      shared  buff/cache   available
Mem:           14514        6457        1168         291        6888        7427
Swap:           2147           0        2147
Total:         16662        6457        3316

               total        used        free      shared  buff/cache   available
Mem:           14514        6478        1148         291        6887        7406
Swap:           2147           0        2147
Total:         16662        6478        3295

               total        used        free      shared  buff/cache   available
Mem:           14514        6420        1207         291        6886        7464
Swap:           2147           0        2147
Total:         16662        6420        3354

               total        used        free      shared  buff/cache   available
Mem:           14514        6415        1212         291        6886        7469
Swap:           2147           0        2147
Total:         16662        6415        3359

               total        used        free      shared  buff/cache   available
Mem:           14514        6430        1196         294        6887        7451
Swap:           2147           0        2147
Total:         16662        6430        3343

               total        used        free      shared  buff/cache   available
Mem:           14514        6414        1210         297        6889        7465
Swap:           2147           0        2147
Total:         16662        6414        3358

               total        used        free      shared  buff/cache   available
Mem:           14514        6527        1089         305        6898        7343
Swap:           2147           0        2147
Total:         16662        6527        3236

               total        used        free      shared  buff/cache   available
Mem:           14514        6672         939         309        6902        7195
Swap:           2147           0        2147
Total:         16662        6672        3086

               total        used        free      shared  buff/cache   available
Mem:           14514        6735         878         306        6900        7135
Swap:           2147           0        2147
Total:         16662        6735        3026

               total        used        free      shared  buff/cache   available
Mem:           14514        6665         950         306        6899        7205
Swap:           2147           0        2147
Total:         16662        6665        3097

               total        used        free      shared  buff/cache   available
Mem:           14514        6736         878         306        6899        7134
Swap:           2147           0        2147
Total:         16662        6736        3026

               total        used        free      shared  buff/cache   available
Mem:           14514        6700         914         306        6899        7170
Swap:           2147           0        2147
Total:         16662        6700        3062

               total        used        free      shared  buff/cache   available
Mem:           14514        6696         919         306        6899        7174
Swap:           2147           0        2147
Total:         16662        6696        3066

               total        used        free      shared  buff/cache   available
Mem:           14514        6687         925         306        6902        7183
Swap:           2147           0        2147
Total:         16662        6687        3072

               total        used        free      shared  buff/cache   available
Mem:           14514        6732         880         306        6902        7138
Swap:           2147           0        2147
Total:         16662        6732        3027

               total        used        free      shared  buff/cache   available
Mem:           14514        6697         917         304        6899        7175
Swap:           2147           0        2147
Total:         16662        6697        3065

               total        used        free      shared  buff/cache   available
Mem:           14514        6697         916         306        6900        7173
Swap:           2147           0        2147
Total:         16662        6697        3064

               total        used        free      shared  buff/cache   available
Mem:           14514        6649         964         306        6900        7220
Swap:           2147           0        2147
Total:         16662        6649        3111

               total        used        free      shared  buff/cache   available
Mem:           14514        6714         897         306        6903        7156
Swap:           2147           0        2147
Total:         16662        6714        3044

               total        used        free      shared  buff/cache   available
Mem:           14514        6655         957         306        6901        7215
Swap:           2147           0        2147
Total:         16662        6655        3105

               total        used        free      shared  buff/cache   available
Mem:           14514        6670         942         306        6901        7200
Swap:           2147           0        2147
Total:         16662        6670        3090

               total        used        free      shared  buff/cache   available
Mem:           14514        6682         930         306        6901        7188
Swap:           2147           0        2147
Total:         16662        6682        3078

               total        used        free      shared  buff/cache   available
Mem:           14514        6734         876         306        6903        7135
Swap:           2147           0        2147
Total:         16662        6734        3024

               total        used        free      shared  buff/cache   available
Mem:           14514        6680         931         306        6902        7190
Swap:           2147           0        2147
Total:         16662        6680        3079

               total        used        free      shared  buff/cache   available
Mem:           14514        6627         984         306        6901        7242
Swap:           2147           0        2147
Total:         16662        6627        3132

               total        used        free      shared  buff/cache   available
Mem:           14514        6645         967         306        6901        7225
Swap:           2147           0        2147
Total:         16662        6645        3114

               total        used        free      shared  buff/cache   available
Mem:           14514        6700         910         306        6904        7170
Swap:           2147           0        2147
Total:         16662        6700        3057

               total        used        free      shared  buff/cache   available
Mem:           14514        6675         935         306        6902        7194
Swap:           2147           0        2147
Total:         16662        6675        3083

               total        used        free      shared  buff/cache   available
Mem:           14514        6646         965         306        6902        7224
Swap:           2147           0        2147
Total:         16662        6646        3113

               total        used        free      shared  buff/cache   available
Mem:           14514        6641         971         306        6902        7229
Swap:           2147           0        2147
Total:         16662        6641        3118

               total        used        free      shared  buff/cache   available
Mem:           14514        6647         962         306        6904        7223
Swap:           2147           0        2147
Total:         16662        6647        3109

               total        used        free      shared  buff/cache   available
Mem:           14514        6660         949         306        6903        7209
Swap:           2147           0        2147
Total:         16662        6660        3097

               total        used        free      shared  buff/cache   available
Mem:           14514        6651         959         306        6902        7218
Swap:           2147           0        2147
Total:         16662        6651        3107

               total        used        free      shared  buff/cache   available
Mem:           14514        6662         948         306        6903        7207
Swap:           2147           0        2147
Total:         16662        6662        3096

               total        used        free      shared  buff/cache   available
Mem:           14514        6665         940         309        6908        7202
Swap:           2147           0        2147
Total:         16662        6665        3088

               total        used        free      shared  buff/cache   available
Mem:           14514        6648         959         309        6907        7219
Swap:           2147           0        2147
Total:         16662        6648        3106

               total        used        free      shared  buff/cache   available
Mem:           14514        6615         992         309        6907        7252
Swap:           2147           0        2147
Total:         16662        6615        3139

               total        used        free      shared  buff/cache   available
Mem:           14514        6588        1021         306        6904        7281
Swap:           2147           0        2147
Total:         16662        6588        3169

               total        used        free      shared  buff/cache   available
Mem:           14514        6592        1015         306        6906        7277
Swap:           2147           0        2147
Total:         16662        6592        3162

               total        used        free      shared  buff/cache   available
Mem:           14514        6612         997         306        6905        7258
Swap:           2147           0        2147
Total:         16662        6612        3144

               total        used        free      shared  buff/cache   available
Mem:           14514        6604        1005         306        6904        7266
Swap:           2147           0        2147
Total:         16662        6604        3153

               total        used        free      shared  buff/cache   available
Mem:           14514        6583        1026         306        6904        7286
Swap:           2147           0        2147
Total:         16662        6583        3173

               total        used        free      shared  buff/cache   available
Mem:           14514        6615         992         306        6907        7255
Swap:           2147           0        2147
Total:         16662        6615        3139

               total        used        free      shared  buff/cache   available
Mem:           14514        6634         974         306        6906        7236
Swap:           2147           0        2147
Total:         16662        6634        3121

               total        used        free      shared  buff/cache   available
Mem:           14514        6614         994         306        6905        7255
Swap:           2147           0        2147
Total:         16662        6614        3141

               total        used        free      shared  buff/cache   available
Mem:           14514        6596        1010         308        6907        7271
Swap:           2147           0        2147
Total:         16662        6596        3157

               total        used        free      shared  buff/cache   available
Mem:           14514        6619         985         308        6910        7249
Swap:           2147           0        2147
Total:         16662        6619        3132

               total        used        free      shared  buff/cache   available
Mem:           14514        6596        1011         306        6907        7274
Swap:           2147           0        2147
Total:         16662        6596        3158

               total        used        free      shared  buff/cache   available
Mem:           14514        6600        1005         308        6908        7268
Swap:           2147           0        2147
Total:         16662        6600        3153

               total        used        free      shared  buff/cache   available
Mem:           14514        6607         999         308        6908        7261
Swap:           2147           0        2147
Total:         16662        6607        3146

               total        used        free      shared  buff/cache   available
Mem:           14514        6624         981         306        6908        7246
Swap:           2147           0        2147
Total:         16662        6624        3128

               total        used        free      shared  buff/cache   available
Mem:           14514        6625         980         306        6908        7244
Swap:           2147           0        2147
Total:         16662        6625        3127

               total        used        free      shared  buff/cache   available
Mem:           14514        6582        1024         306        6907        7287
Swap:           2147           0        2147
Total:         16662        6582        3171

               total        used        free      shared  buff/cache   available
Mem:           14514        6579        1028         306        6907        7291
Swap:           2147           0        2147
Total:         16662        6579        3175

               total        used        free      shared  buff/cache   available
Mem:           14514        6589        1015         306        6909        7281
Swap:           2147           0        2147
Total:         16662        6589        3163

               total        used        free      shared  buff/cache   available
Mem:           14514        6619         985         306        6909        7250
Swap:           2147           0        2147
Total:         16662        6619        3132

               total        used        free      shared  buff/cache   available
Mem:           14514        6587        1018         306        6908        7283
Swap:           2147           0        2147
Total:         16662        6587        3166

               total        used        free      shared  buff/cache   available
Mem:           14514        6613         993         306        6907        7257
Swap:           2147           0        2147
Total:         16662        6613        3141

               total        used        free      shared  buff/cache   available
Mem:           14514        6583        1021         306        6909        7286
Swap:           2147           0        2147
Total:         16662        6583        3169

               total        used        free      shared  buff/cache   available
Mem:           14514        6630         973         306        6910        7240
Swap:           2147           0        2147
Total:         16662        6630        3121

               total        used        free      shared  buff/cache   available
Mem:           14514        6608         996         306        6909        7261
Swap:           2147           0        2147
Total:         16662        6608        3144

               total        used        free      shared  buff/cache   available
Mem:           14514        6594        1011         306        6908        7276
Swap:           2147           0        2147
Total:         16662        6594        3159

               total        used        free      shared  buff/cache   available
Mem:           14514        6586        1019         306        6908        7283
Swap:           2147           0        2147
Total:         16662        6586        3166

               total        used        free      shared  buff/cache   available
Mem:           14514        6614         989         306        6911        7256
Swap:           2147           0        2147
Total:         16662        6614        3136

               total        used        free      shared  buff/cache   available
Mem:           14514        6603         997         309        6913        7263
Swap:           2147           0        2147
Total:         16662        6603        3145

               total        used        free      shared  buff/cache   available
Mem:           14514        6600        1001         309        6912        7266
Swap:           2147           0        2147
Total:         16662        6600        3149

               total        used        free      shared  buff/cache   available
Mem:           14514        6608         996         306        6909        7261
Swap:           2147           0        2147
Total:         16662        6608        3143

               total        used        free      shared  buff/cache   available
Mem:           14514        6662         942         303        6909        7210
Swap:           2147           0        2147
Total:         16662        6662        3090

               total        used        free      shared  buff/cache   available
Mem:           14514        6614         991         303        6908        7258
Swap:           2147           0        2147
Total:         16662        6614        3139

               total        used        free      shared  buff/cache   available
Mem:           14514        6605        1001         303        6907        7267
Swap:           2147           0        2147
Total:         16662        6605        3149

               total        used        free      shared  buff/cache   available
Mem:           14514        6624         982         303        6907        7248
Swap:           2147           0        2147
Total:         16662        6624        3129

               total        used        free      shared  buff/cache   available
Mem:           14514        6659         949         299        6906        7218
Swap:           2147           0        2147
Total:         16662        6659        3096

               total        used        free      shared  buff/cache   available
Mem:           14514        6648         960         299        6904        7228
Swap:           2147           0        2147
Total:         16662        6648        3108

               total        used        free      shared  buff/cache   available
Mem:           14514        6633         977         299        6904        7243
Swap:           2147           0        2147
Total:         16662        6633        3124

               total        used        free      shared  buff/cache   available
Mem:           14514        6631         979         299        6904        7246
Swap:           2147           0        2147
Total:         16662        6631        3126

               total        used        free      shared  buff/cache   available
Mem:           14514        6648         959         299        6906        7228
Swap:           2147           0        2147
Total:         16662        6648        3106

               total        used        free      shared  buff/cache   available
Mem:           14514        6673         935         299        6905        7203
Swap:           2147           0        2147
Total:         16662        6673        3083

               total        used        free      shared  buff/cache   available
Mem:           14514        6631         977         299        6904        7245
Swap:           2147           0        2147
Total:         16662        6631        3125

               total        used        free      shared  buff/cache   available
Mem:           14514        6640         968         299        6905        7236
Swap:           2147           0        2147
Total:         16662        6640        3116

               total        used        free      shared  buff/cache   available
Mem:           14514        6661         947         297        6905        7217
Swap:           2147           0        2147
Total:         16662        6661        3094

               total        used        free      shared  buff/cache   available
Mem:           14514        6658         951         297        6904        7220
Swap:           2147           0        2147
Total:         16662        6658        3098

               total        used        free      shared  buff/cache   available
Mem:           14514        6630         977         299        6905        7246
Swap:           2147           0        2147
Total:         16662        6630        3125

               total        used        free      shared  buff/cache   available
Mem:           14514        6632         975         299        6905        7244
Swap:           2147           0        2147
Total:         16662        6632        3123

               total        used        free      shared  buff/cache   available
Mem:           14514        6662         943         299        6908        7214
Swap:           2147           0        2147
Total:         16662        6662        3091

               total        used        free      shared  buff/cache   available
Mem:           14514        6680         928         298        6906        7197
Swap:           2147           0        2147
Total:         16662        6680        3075

               total        used        free      shared  buff/cache   available
Mem:           14514        6642         966         298        6905        7235
Swap:           2147           0        2147
Total:         16662        6642        3114

               total        used        free      shared  buff/cache   available
Mem:           14514        6685         923         298        6905        7192
Swap:           2147           0        2147
Total:         16662        6685        3070

               total        used        free      shared  buff/cache   available
Mem:           14514        6693         913         298        6907        7184
Swap:           2147           0        2147
Total:         16662        6693        3060

               total        used        free      shared  buff/cache   available
Mem:           14514        6722         885         298        6906        7156
Swap:           2147           0        2147
Total:         16662        6722        3033

               total        used        free      shared  buff/cache   available
Mem:           14514        6622         985         298        6906        7255
Swap:           2147           0        2147
Total:         16662        6622        3132

               total        used        free      shared  buff/cache   available
Mem:           14514        6615         993         298        6906        7263
Swap:           2147           0        2147
Total:         16662        6615        3140

               total        used        free      shared  buff/cache   available
Mem:           14514        6666         939         298        6908        7211
Swap:           2147           0        2147
Total:         16662        6666        3087

               total        used        free      shared  buff/cache   available
Mem:           14514        6675         931         298        6907        7202
Swap:           2147           0        2147
Total:         16662        6675        3078

               total        used        free      shared  buff/cache   available
Mem:           14514        6619         988         298        6906        7259
Swap:           2147           0        2147
Total:         16662        6619        3136

               total        used        free      shared  buff/cache   available
Mem:           14514        6603        1001         301        6910        7272
Swap:           2147           0        2147
Total:         16662        6603        3149

               total        used        free      shared  buff/cache   available
Mem:           14514        6594        1010         301        6910        7280
Swap:           2147           0        2147
Total:         16662        6594        3157

               total        used        free      shared  buff/cache   available
Mem:           14514        6551        1059         295        6903        7329
Swap:           2147           0        2147
Total:         16662        6551        3206

               total        used        free      shared  buff/cache   available
Mem:           14514        6538        1075         292        6900        7346
Swap:           2147           0        2147
Total:         16662        6538        3223

               total        used        free      shared  buff/cache   available
Mem:           14514        6478        1135         292        6900        7405
Swap:           2147           0        2147
Total:         16662        6478        3282

               total        used        free      shared  buff/cache   available
Mem:           14514        6471        1142         292        6900        7413
Swap:           2147           0        2147
Total:         16662        6471        3290

               total        used        free      shared  buff/cache   available
Mem:           14514        6464        1148         292        6900        7419
Swap:           2147           0        2147
Total:         16662        6464        3296

               total        used        free      shared  buff/cache   available
Mem:           14514        6455        1158         292        6900        7428
Swap:           2147           0        2147
Total:         16662        6455        3305

               total        used        free      shared  buff/cache   available
Mem:           14514        6446        1167         292        6900        7437
Swap:           2147           0        2147
Total:         16662        6446        3314

               total        used        free      shared  buff/cache   available
Mem:           14514        6446        1167         292        6900        7438
Swap:           2147           0        2147
Total:         16662        6446        3315
